2021-11-25 21:26:43,697 p=32761 u=root n=ansible | [WARNING]: provided hosts list is empty, only localhost is available. Note that the implicit localhost does not match 'all'

2021-11-25 21:26:43,698 p=32761 u=root n=ansible | [WARNING]: Could not match supplied host pattern, ignoring: system1

2021-11-25 21:27:27,294 p=339 u=root n=ansible | [WARNING]: provided hosts list is empty, only localhost is available. Note that the implicit localhost does not match 'all'

2021-11-25 21:27:27,294 p=339 u=root n=ansible | [WARNING]: Could not match supplied host pattern, ignoring: system2

2021-11-25 21:27:50,193 p=435 u=root n=ansible | [WARNING]: provided hosts list is empty, only localhost is available. Note that the implicit localhost does not match 'all'

2021-11-25 21:27:50,193 p=435 u=root n=ansible | [WARNING]: Could not match supplied host pattern, ignoring: system2

2021-11-25 21:27:55,082 p=459 u=root n=ansible | [WARNING]: provided hosts list is empty, only localhost is available. Note that the implicit localhost does not match 'all'

2021-11-25 21:27:55,082 p=459 u=root n=ansible | [WARNING]: Could not match supplied host pattern, ignoring: system1

2021-11-25 21:54:19,767 p=542 u=root n=ansible | [WARNING]: provided hosts list is empty, only localhost is available. Note that the implicit localhost does not match 'all'

2021-11-25 21:54:19,768 p=542 u=root n=ansible | [WARNING]: Could not match supplied host pattern, ignoring: system1

2021-11-25 21:55:11,719 p=621 u=root n=ansible | web01 | SUCCESS => {
    "ansible_facts": {
        "discovered_interpreter_python": "/usr/bin/python"
    }, 
    "changed": false, 
    "ping": "pong"
}
2021-11-25 21:55:11,728 p=621 u=root n=ansible | web02 | SUCCESS => {
    "ansible_facts": {
        "discovered_interpreter_python": "/usr/bin/python"
    }, 
    "changed": false, 
    "ping": "pong"
}
2021-11-25 21:55:31,092 p=757 u=root n=ansible | [WARNING]: Could not match supplied host pattern, ignoring: system[1

2021-11-25 21:55:31,092 p=757 u=root n=ansible | [WARNING]: Could not match supplied host pattern, ignoring: 2]

2021-11-25 21:55:31,093 p=757 u=root n=ansible | [WARNING]: No hosts matched, nothing to do

2021-11-25 21:55:39,247 p=784 u=root n=ansible | web04 | SUCCESS => {
    "ansible_facts": {
        "discovered_interpreter_python": "/usr/bin/python"
    }, 
    "changed": false, 
    "ping": "pong"
}
2021-11-25 21:55:39,261 p=784 u=root n=ansible | web03 | SUCCESS => {
    "ansible_facts": {
        "discovered_interpreter_python": "/usr/bin/python"
    }, 
    "changed": false, 
    "ping": "pong"
}
2021-11-25 21:55:47,044 p=862 u=root n=ansible | web01 | SUCCESS => {
    "ansible_facts": {
        "discovered_interpreter_python": "/usr/bin/python"
    }, 
    "changed": false, 
    "ping": "pong"
}
2021-11-25 21:55:47,049 p=862 u=root n=ansible | web02 | SUCCESS => {
    "ansible_facts": {
        "discovered_interpreter_python": "/usr/bin/python"
    }, 
    "changed": false, 
    "ping": "pong"
}
2021-11-25 21:58:10,847 p=1003 u=root n=ansible | web01 | SUCCESS => {
    "ansible_facts": {
        "discovered_interpreter_python": "/usr/bin/python"
    }, 
    "changed": false, 
    "ping": "pong"
}
2021-11-25 21:58:10,861 p=1003 u=root n=ansible | web02 | SUCCESS => {
    "ansible_facts": {
        "discovered_interpreter_python": "/usr/bin/python"
    }, 
    "changed": false, 
    "ping": "pong"
}
2021-12-01 12:10:45,648 p=11306 u=root |  web01 | SUCCESS => {
    "changed": false, 
    "failed": false, 
    "ping": "pong"
}
2021-12-01 12:10:45,662 p=11306 u=root |  web02 | SUCCESS => {
    "changed": false, 
    "failed": false, 
    "ping": "pong"
}
2021-12-01 12:24:30,642 p=11850 u=root |   [WARNING]: Unable to parse /root/nginx_auto_deploy/host as an inventory source

2021-12-01 12:24:30,643 p=11850 u=root |   [WARNING]: No inventory was parsed, only implicit localhost is available

2021-12-01 12:24:30,644 p=11850 u=root |   [WARNING]: Could not match supplied host pattern, ignoring: all

2021-12-01 12:24:30,644 p=11850 u=root |   [WARNING]: provided hosts list is empty, only localhost is available

2021-12-01 12:24:30,661 p=11850 u=root |  ERROR! the role 'nginx' was not found in /root/nginx_auto_deploy/roles:/root/.ansible/roles:/usr/share/ansible/roles:/etc/ansible/roles:/root/nginx_auto_deploy

The error appears to have been in '/root/nginx_auto_deploy/nginx.yml': line 6, column 7, but may
be elsewhere in the file depending on the exact syntax problem.

The offending line appears to be:

  roles:
    - nginx
      ^ here

2021-12-01 12:25:03,531 p=11883 u=root |   [WARNING]: Unable to parse /root/nginx_auto_deploy/host as an inventory source

2021-12-01 12:25:03,531 p=11883 u=root |   [WARNING]: No inventory was parsed, only implicit localhost is available

2021-12-01 12:25:03,532 p=11883 u=root |   [WARNING]: Could not match supplied host pattern, ignoring: all

2021-12-01 12:25:03,533 p=11883 u=root |   [WARNING]: provided hosts list is empty, only localhost is available

2021-12-01 12:25:03,549 p=11883 u=root |  ERROR! the role 'nginx' was not found in /root/nginx_auto_deploy/roles:/root/.ansible/roles:/usr/share/ansible/roles:/etc/ansible/roles:/root/nginx_auto_deploy

The error appears to have been in '/root/nginx_auto_deploy/nginx.yml': line 6, column 7, but may
be elsewhere in the file depending on the exact syntax problem.

The offending line appears to be:

  roles:
    - nginx
      ^ here

2021-12-01 12:27:06,619 p=11926 u=root |   [WARNING]: Unable to parse /root/nginx_auto_deploy/host as an inventory source

2021-12-01 12:27:06,620 p=11926 u=root |   [WARNING]: No inventory was parsed, only implicit localhost is available

2021-12-01 12:27:06,621 p=11926 u=root |   [WARNING]: Could not match supplied host pattern, ignoring: all

2021-12-01 12:27:06,621 p=11926 u=root |   [WARNING]: provided hosts list is empty, only localhost is available

2021-12-01 12:27:06,637 p=11926 u=root |  ERROR! the role 'nginx' was not found in /root/nginx_auto_deploy/roles:/root/.ansible/roles:/usr/share/ansible/roles:/etc/ansible/roles:/root/nginx_auto_deploy

The error appears to have been in '/root/nginx_auto_deploy/nginx.yml': line 6, column 7, but may
be elsewhere in the file depending on the exact syntax problem.

The offending line appears to be:

  roles:
    - nginx
      ^ here

2021-12-01 12:27:42,572 p=11977 u=root |   [WARNING]: Unable to parse /root/nginx_auto_deploy/host as an inventory source

2021-12-01 12:27:42,572 p=11977 u=root |   [WARNING]: No inventory was parsed, only implicit localhost is available

2021-12-01 12:27:42,573 p=11977 u=root |   [WARNING]: Could not match supplied host pattern, ignoring: all

2021-12-01 12:27:42,574 p=11977 u=root |   [WARNING]: provided hosts list is empty, only localhost is available

2021-12-01 12:27:42,590 p=11977 u=root |  ERROR! the role 'nginx' was not found in /root/nginx_auto_deploy/roles:/root/.ansible/roles:/usr/share/ansible/roles:/etc/ansible/roles:/root/nginx_auto_deploy

The error appears to have been in '/root/nginx_auto_deploy/nginx.yml': line 6, column 7, but may
be elsewhere in the file depending on the exact syntax problem.

The offending line appears to be:

  roles:
    - nginx
      ^ here

2021-12-01 12:28:50,775 p=12063 u=root |   [WARNING]: Unable to parse /root/nginx_auto_deploy/host as an inventory source

2021-12-01 12:28:50,776 p=12063 u=root |   [WARNING]: No inventory was parsed, only implicit localhost is available

2021-12-01 12:28:50,777 p=12063 u=root |   [WARNING]: Could not match supplied host pattern, ignoring: all

2021-12-01 12:28:50,777 p=12063 u=root |   [WARNING]: provided hosts list is empty, only localhost is available

2021-12-01 12:28:50,790 p=12063 u=root |  ERROR! the role 'nginx' was not found in /root/nginx_auto_deploy/roles:/root/.ansible/roles:/usr/share/ansible/roles:/etc/ansible/roles:/root/nginx_auto_deploy

The error appears to have been in '/root/nginx_auto_deploy/nginx.yml': line 6, column 7, but may
be elsewhere in the file depending on the exact syntax problem.

The offending line appears to be:

  roles:
    - nginx
      ^ here

2021-12-01 12:32:19,101 p=12198 u=root |   [WARNING]: Could not match supplied host pattern, ignoring: hosts/develop_nginx_server

2021-12-01 12:32:19,101 p=12198 u=root |   [WARNING]: No hosts matched, nothing to do

2021-12-01 12:34:13,519 p=12305 u=root |  ERROR! the playbook: step could not be found
2021-12-01 12:34:16,550 p=12329 u=root |  ERROR! You must specify a playbook file to run
2021-12-01 12:34:19,922 p=12336 u=root |  ERROR! You must specify a playbook file to run
2021-12-01 12:37:49,057 p=12496 u=root |  ERROR! You must specify a playbook file to run
2021-12-01 12:37:53,844 p=12523 u=root |  ERROR! You must specify a playbook file to run
2021-12-01 12:38:05,627 p=12573 u=root |  ERROR! You must specify a playbook file to run
2021-12-01 12:38:07,935 p=12600 u=root |  ERROR! You must specify a playbook file to run
2021-12-01 12:38:16,278 p=12642 u=root |  ERROR! You must specify a playbook file to run
2021-12-01 12:55:43,026 p=12784 u=root |   [WARNING]: Unable to parse /root/nginx_auto_deploy/host as an inventory source

2021-12-01 12:55:43,026 p=12784 u=root |   [WARNING]: No inventory was parsed, only implicit localhost is available

2021-12-01 12:55:43,027 p=12784 u=root |   [WARNING]: Could not match supplied host pattern, ignoring: all

2021-12-01 12:55:43,028 p=12784 u=root |   [WARNING]: provided hosts list is empty, only localhost is available

2021-12-01 12:55:43,042 p=12784 u=root |  ERROR! the role 'nginx' was not found in /root/nginx_auto_deploy/roles:/root/.ansible/roles:/usr/share/ansible/roles:/etc/ansible/roles:/root/nginx_auto_deploy

The error appears to have been in '/root/nginx_auto_deploy/nginx.yml': line 6, column 7, but may
be elsewhere in the file depending on the exact syntax problem.

The offending line appears to be:

  roles:
    - nginx
      ^ here

2021-12-01 12:56:33,130 p=12846 u=root |   [WARNING]: Unable to parse /root/nginx_auto_deploy/host as an inventory source

2021-12-01 12:56:33,131 p=12846 u=root |   [WARNING]: No inventory was parsed, only implicit localhost is available

2021-12-01 12:56:33,132 p=12846 u=root |   [WARNING]: Could not match supplied host pattern, ignoring: all

2021-12-01 12:56:33,132 p=12846 u=root |   [WARNING]: provided hosts list is empty, only localhost is available

2021-12-01 12:56:33,148 p=12846 u=root |  ERROR! the role 'nginx' was not found in /root/nginx_auto_deploy/roles:/root/.ansible/roles:/usr/share/ansible/roles:/etc/ansible/roles:/root/nginx_auto_deploy

The error appears to have been in '/root/nginx_auto_deploy/nginx.yml': line 6, column 7, but may
be elsewhere in the file depending on the exact syntax problem.

The offending line appears to be:

  roles:
    - nginx
      ^ here

2021-12-01 13:22:53,909 p=14689 u=root |  PLAY [nginx_auto_deploy] ********************************************************************************************************************************************************************************************************
2021-12-01 13:22:57,273 p=14689 u=root |  Perform task: TASK: Gathering Facts (N)o/(y)es/(c)ontinue: **********************************************************************************************************************************************************************
2021-12-01 13:22:57,278 p=14689 u=root |  TASK [Gathering Facts] **********************************************************************************************************************************************************************************************************
2021-12-01 13:22:58,275 p=14689 u=root |  ok: [web01]
2021-12-01 13:23:02,211 p=14689 u=root |  Perform task: TASK: nginx : 作業用ユーザ作成 (N)o/(y)es/(c)ontinue: *********************************************************************************************************************************************************************
2021-12-01 13:23:02,217 p=14689 u=root |  TASK [nginx : 作業用ユーザ作成] *********************************************************************************************************************************************************************************************************
2021-12-01 13:23:02,900 p=14689 u=root |  ok: [web01]
2021-12-01 13:23:55,170 p=14689 u=root |  Perform task: TASK: nginx : 作業ディレクトリ作成 (N)o/(y)es/(c)ontinue: *******************************************************************************************************************************************************************
2021-12-01 13:23:55,176 p=14689 u=root |  TASK [nginx : 作業ディレクトリ作成] *******************************************************************************************************************************************************************************************************
2021-12-01 13:23:55,663 p=14689 u=root |  changed: [web01]
2021-12-01 13:24:40,248 p=14689 u=root |  Perform task: TASK: nginx : SELinux無効化 (N)o/(y)es/(c)ontinue: *******************************************************************************************************************************************************************
2021-12-01 13:24:40,255 p=14689 u=root |  TASK [nginx : SELinux無効化] *******************************************************************************************************************************************************************************************************
2021-12-01 13:24:40,737 p=14689 u=root |  changed: [web01]
2021-12-01 13:25:54,898 p=14689 u=root |  Perform task: TASK: nginx : firewalld停止 (N)o/(y)es/(c)ontinue: ******************************************************************************************************************************************************************
2021-12-01 13:25:54,906 p=14689 u=root |  TASK [nginx : firewalld停止] ******************************************************************************************************************************************************************************************************
2021-12-01 13:25:55,903 p=14689 u=root |  changed: [web01]
2021-12-01 13:25:55,906 p=14689 u=root |  PLAY RECAP **********************************************************************************************************************************************************************************************************************
2021-12-01 13:25:55,907 p=14689 u=root |  web01                      : ok=5    changed=3    unreachable=0    failed=0   
2021-12-01 13:50:05,289 p=15298 u=root |  ERROR! no action detected in task. This often indicates a misspelled module name, or incorrect module path.

The error appears to have been in '/root/nginx_auto_deploy/roles/nginx/tasks/main.yml': line 6, column 3, but may
be elsewhere in the file depending on the exact syntax problem.

The offending line appears to be:


- name: ライブラリの設定（インストール）
  ^ here


The error appears to have been in '/root/nginx_auto_deploy/roles/nginx/tasks/main.yml': line 6, column 3, but may
be elsewhere in the file depending on the exact syntax problem.

The offending line appears to be:


- name: ライブラリの設定（インストール）
  ^ here

exception type: <class 'ansible.errors.AnsibleParserError'>
exception: no action detected in task. This often indicates a misspelled module name, or incorrect module path.

The error appears to have been in '/root/nginx_auto_deploy/roles/nginx/tasks/main.yml': line 6, column 3, but may
be elsewhere in the file depending on the exact syntax problem.

The offending line appears to be:


- name: ライブラリの設定（インストール）
  ^ here

2021-12-01 13:50:55,151 p=15375 u=root |  ERROR! no action detected in task. This often indicates a misspelled module name, or incorrect module path.

The error appears to have been in '/root/nginx_auto_deploy/roles/nginx/tasks/main.yml': line 6, column 3, but may
be elsewhere in the file depending on the exact syntax problem.

The offending line appears to be:


- name: ライブラリの設定（インストール）
  ^ here


The error appears to have been in '/root/nginx_auto_deploy/roles/nginx/tasks/main.yml': line 6, column 3, but may
be elsewhere in the file depending on the exact syntax problem.

The offending line appears to be:


- name: ライブラリの設定（インストール）
  ^ here

exception type: <class 'ansible.errors.AnsibleParserError'>
exception: no action detected in task. This often indicates a misspelled module name, or incorrect module path.

The error appears to have been in '/root/nginx_auto_deploy/roles/nginx/tasks/main.yml': line 6, column 3, but may
be elsewhere in the file depending on the exact syntax problem.

The offending line appears to be:


- name: ライブラリの設定（インストール）
  ^ here

2021-12-01 13:51:27,692 p=15421 u=root |  ERROR! no action detected in task. This often indicates a misspelled module name, or incorrect module path.

The error appears to have been in '/root/nginx_auto_deploy/roles/nginx/tasks/main.yml': line 6, column 5, but may
be elsewhere in the file depending on the exact syntax problem.

The offending line appears to be:


  - name: ライブラリの設定（インストール）
    ^ here


The error appears to have been in '/root/nginx_auto_deploy/roles/nginx/tasks/main.yml': line 6, column 5, but may
be elsewhere in the file depending on the exact syntax problem.

The offending line appears to be:


  - name: ライブラリの設定（インストール）
    ^ here

exception type: <class 'ansible.errors.AnsibleParserError'>
exception: no action detected in task. This often indicates a misspelled module name, or incorrect module path.

The error appears to have been in '/root/nginx_auto_deploy/roles/nginx/tasks/main.yml': line 6, column 5, but may
be elsewhere in the file depending on the exact syntax problem.

The offending line appears to be:


  - name: ライブラリの設定（インストール）
    ^ here

2021-12-01 13:51:45,270 p=15463 u=root |  playbook: nginx.yml
2021-12-01 13:53:17,780 p=15525 u=root |  PLAY [nginx_auto_deploy] ********************************************************************************************************************************************************************************************************
2021-12-01 13:53:17,793 p=15525 u=root |  TASK [Gathering Facts] **********************************************************************************************************************************************************************************************************
2021-12-01 13:53:18,797 p=15525 u=root |  ok: [web01]
2021-12-01 13:53:18,804 p=15525 u=root |  TASK [nginx : 作業用ユーザ作成] *********************************************************************************************************************************************************************************************************
2021-12-01 13:53:19,373 p=15525 u=root |  ok: [web01]
2021-12-01 13:53:19,380 p=15525 u=root |  TASK [nginx : 作業ディレクトリ作成] *******************************************************************************************************************************************************************************************************
2021-12-01 13:53:19,868 p=15525 u=root |  ok: [web01]
2021-12-01 13:53:19,875 p=15525 u=root |  TASK [nginx : SELinux無効化] *******************************************************************************************************************************************************************************************************
2021-12-01 13:53:20,359 p=15525 u=root |  ok: [web01]
2021-12-01 13:53:20,367 p=15525 u=root |  TASK [nginx : firewalld停止] ******************************************************************************************************************************************************************************************************
2021-12-01 13:53:20,875 p=15525 u=root |  ok: [web01]
2021-12-01 13:53:20,882 p=15525 u=root |  TASK [nginx : utilityツールをインストール] ************************************************************************************************************************************************************************************************
2021-12-01 13:53:39,109 p=15525 u=root |  changed: [web01] => (item=[u'yum-utils', u'telnet', u'vim-enhanced', u'bind-utils', u'net-tools', u'nmap', u'psmisc', u'rlwrap', u'traceroute', u'tree', u'wget', u'open-vm-tools'])
2021-12-01 13:53:39,110 p=15525 u=root |  PLAY RECAP **********************************************************************************************************************************************************************************************************************
2021-12-01 13:53:39,111 p=15525 u=root |  web01                      : ok=6    changed=1    unreachable=0    failed=0   
2021-12-01 13:57:16,506 p=15725 u=root |  PLAY [nginx_auto_deploy] ********************************************************************************************************************************************************************************************************
2021-12-01 13:57:16,519 p=15725 u=root |  TASK [Gathering Facts] **********************************************************************************************************************************************************************************************************
2021-12-01 13:57:17,542 p=15725 u=root |  ok: [web01]
2021-12-01 13:57:17,549 p=15725 u=root |  TASK [nginx : 作業用ユーザ作成] *********************************************************************************************************************************************************************************************************
2021-12-01 13:57:18,129 p=15725 u=root |  ok: [web01]
2021-12-01 13:57:18,137 p=15725 u=root |  TASK [nginx : 作業ディレクトリ作成] *******************************************************************************************************************************************************************************************************
2021-12-01 13:57:18,634 p=15725 u=root |  ok: [web01]
2021-12-01 13:57:18,642 p=15725 u=root |  TASK [nginx : SELinux無効化] *******************************************************************************************************************************************************************************************************
2021-12-01 13:57:19,141 p=15725 u=root |  ok: [web01]
2021-12-01 13:57:19,148 p=15725 u=root |  TASK [nginx : firewalld停止] ******************************************************************************************************************************************************************************************************
2021-12-01 13:57:19,668 p=15725 u=root |  ok: [web01]
2021-12-01 13:57:19,676 p=15725 u=root |  TASK [nginx : utilityツールをインストール] ************************************************************************************************************************************************************************************************
2021-12-01 13:57:31,969 p=15725 u=root |  changed: [web01] => (item=[u'yum-utils', u'telnet', u'vim-enhanced', u'bind-utils', u'net-tools', u'nmap', u'psmisc', u'rlwrap', u'traceroute', u'tree', u'wget', u'open-vm-tools'])
2021-12-01 13:57:31,971 p=15725 u=root |  PLAY RECAP **********************************************************************************************************************************************************************************************************************
2021-12-01 13:57:31,972 p=15725 u=root |  web01                      : ok=6    changed=1    unreachable=0    failed=0   
2021-12-01 14:31:58,097 p=16005 u=root |  PLAY [nginx_auto_deploy] ********************************************************************************************************************************************************************************************************
2021-12-01 14:31:58,110 p=16005 u=root |  TASK [Gathering Facts] **********************************************************************************************************************************************************************************************************
2021-12-01 14:31:59,121 p=16005 u=root |  ok: [web01]
2021-12-01 14:31:59,129 p=16005 u=root |  TASK [nginx : 作業用ユーザ作成] *********************************************************************************************************************************************************************************************************
2021-12-01 14:31:59,708 p=16005 u=root |  ok: [web01]
2021-12-01 14:31:59,717 p=16005 u=root |  TASK [nginx : 作業ディレクトリ作成] *******************************************************************************************************************************************************************************************************
2021-12-01 14:32:00,205 p=16005 u=root |  ok: [web01]
2021-12-01 14:32:00,212 p=16005 u=root |  TASK [nginx : SELinux無効化] *******************************************************************************************************************************************************************************************************
2021-12-01 14:32:00,699 p=16005 u=root |  ok: [web01]
2021-12-01 14:32:00,707 p=16005 u=root |  TASK [nginx : firewalld停止] ******************************************************************************************************************************************************************************************************
2021-12-01 14:32:01,220 p=16005 u=root |  ok: [web01]
2021-12-01 14:32:01,227 p=16005 u=root |  TASK [nginx : utilityツールをインストール] ************************************************************************************************************************************************************************************************
2021-12-01 14:32:11,859 p=16005 u=root |  changed: [web01] => (item=[u'yum-utils', u'telnet', u'vim-enhanced', u'bind-utils', u'net-tools', u'nmap', u'psmisc', u'rlwrap', u'traceroute', u'tree', u'wget', u'open-vm-tools'])
2021-12-01 14:32:11,861 p=16005 u=root |  PLAY RECAP **********************************************************************************************************************************************************************************************************************
2021-12-01 14:32:11,861 p=16005 u=root |  web01                      : ok=6    changed=1    unreachable=0    failed=0   
2021-12-01 14:45:38,264 p=16225 u=root |  PLAY [nginx_auto_deploy] ********************************************************************************************************************************************************************************************************
2021-12-01 14:45:41,212 p=16225 u=root |  Perform task: TASK: Gathering Facts (N)o/(y)es/(c)ontinue: **********************************************************************************************************************************************************************
2021-12-01 14:45:41,217 p=16225 u=root |  TASK [Gathering Facts] **********************************************************************************************************************************************************************************************************
2021-12-01 14:45:42,228 p=16225 u=root |  ok: [web01]
2021-12-01 14:45:44,404 p=16225 u=root |  Perform task: TASK: nginx : 作業用ユーザ作成 (N)o/(y)es/(c)ontinue: *********************************************************************************************************************************************************************
2021-12-01 14:45:44,410 p=16225 u=root |  TASK [nginx : 作業用ユーザ作成] *********************************************************************************************************************************************************************************************************
2021-12-01 14:45:44,985 p=16225 u=root |  ok: [web01]
2021-12-01 14:45:45,892 p=16225 u=root |  Perform task: TASK: nginx : 作業ディレクトリ作成 (N)o/(y)es/(c)ontinue: *******************************************************************************************************************************************************************
2021-12-01 14:45:45,899 p=16225 u=root |  TASK [nginx : 作業ディレクトリ作成] *******************************************************************************************************************************************************************************************************
2021-12-01 14:45:46,387 p=16225 u=root |  ok: [web01]
2021-12-01 14:45:47,324 p=16225 u=root |  Perform task: TASK: nginx : SELinux無効化 (N)o/(y)es/(c)ontinue: *******************************************************************************************************************************************************************
2021-12-01 14:45:47,330 p=16225 u=root |  TASK [nginx : SELinux無効化] *******************************************************************************************************************************************************************************************************
2021-12-01 14:45:47,815 p=16225 u=root |  ok: [web01]
2021-12-01 14:45:49,116 p=16225 u=root |  Perform task: TASK: nginx : firewalld停止 (N)o/(y)es/(c)ontinue: ******************************************************************************************************************************************************************
2021-12-01 14:45:49,123 p=16225 u=root |  TASK [nginx : firewalld停止] ******************************************************************************************************************************************************************************************************
2021-12-01 14:45:49,635 p=16225 u=root |  ok: [web01]
2021-12-01 14:45:52,036 p=16225 u=root |  Perform task: TASK: nginx : utilityツールをインストール (N)o/(y)es/(c)ontinue: ************************************************************************************************************************************************************
2021-12-01 14:45:52,043 p=16225 u=root |  TASK [nginx : utilityツールをインストール] ************************************************************************************************************************************************************************************************
2021-12-01 14:46:13,240 p=16225 u=root |  changed: [web01] => (item=[u'yum-utils', u'telnet', u'vim-enhanced', u'bind-utils', u'net-tools', u'nmap', u'psmisc', u'rlwrap', u'traceroute', u'tree', u'wget', u'open-vm-tools'])
2021-12-01 14:46:13,242 p=16225 u=root |  PLAY RECAP **********************************************************************************************************************************************************************************************************************
2021-12-01 14:46:13,242 p=16225 u=root |  web01                      : ok=6    changed=1    unreachable=0    failed=0   
2021-12-01 15:11:42,128 p=16632 u=root |  ERROR! no action detected in task. This often indicates a misspelled module name, or incorrect module path.

The error appears to have been in '/root/nginx_auto_deploy/roles/nginx/tasks/install_packages.yml': line 8, column 3, but may
be elsewhere in the file depending on the exact syntax problem.

The offending line appears to be:


- name: nginx.repoの編集
  ^ here


The error appears to have been in '/root/nginx_auto_deploy/roles/nginx/tasks/install_packages.yml': line 8, column 3, but may
be elsewhere in the file depending on the exact syntax problem.

The offending line appears to be:


- name: nginx.repoの編集
  ^ here

exception type: <class 'ansible.errors.AnsibleParserError'>
exception: no action detected in task. This often indicates a misspelled module name, or incorrect module path.

The error appears to have been in '/root/nginx_auto_deploy/roles/nginx/tasks/install_packages.yml': line 8, column 3, but may
be elsewhere in the file depending on the exact syntax problem.

The offending line appears to be:


- name: nginx.repoの編集
  ^ here

2021-12-01 15:11:52,029 p=16674 u=root |  PLAY [nginx_auto_deploy] ********************************************************************************************************************************************************************************************************
2021-12-01 15:11:57,914 p=16674 u=root |  Perform task: TASK: Gathering Facts (N)o/(y)es/(c)ontinue: **********************************************************************************************************************************************************************
2021-12-01 15:11:57,919 p=16674 u=root |  TASK [Gathering Facts] **********************************************************************************************************************************************************************************************************
2021-12-01 15:11:58,942 p=16674 u=root |  ok: [web02]
2021-12-01 15:11:58,944 p=16674 u=root |  ok: [web01]
2021-12-01 15:12:02,585 p=16674 u=root |  Perform task: TASK: nginx : 作業用ユーザ作成 (N)o/(y)es/(c)ontinue: *********************************************************************************************************************************************************************
2021-12-01 15:12:02,591 p=16674 u=root |  TASK [nginx : 作業用ユーザ作成] *********************************************************************************************************************************************************************************************************
2021-12-01 15:12:03,185 p=16674 u=root |  ok: [web01]
2021-12-01 15:12:03,295 p=16674 u=root |  ok: [web02]
2021-12-01 15:12:33,962 p=16674 u=root |  Perform task: TASK: nginx : 作業ディレクトリ作成 (N)o/(y)es/(c)ontinue: *******************************************************************************************************************************************************************
2021-12-01 15:12:33,969 p=16674 u=root |  TASK [nginx : 作業ディレクトリ作成] *******************************************************************************************************************************************************************************************************
2021-12-01 15:12:34,476 p=16674 u=root |  ok: [web01]
2021-12-01 15:12:34,479 p=16674 u=root |  changed: [web02]
2021-12-01 15:12:43,802 p=16674 u=root |  Perform task: TASK: nginx : SELinux無効化 (N)o/(y)es/(c)ontinue: *******************************************************************************************************************************************************************
2021-12-01 15:12:43,809 p=16674 u=root |  TASK [nginx : SELinux無効化] *******************************************************************************************************************************************************************************************************
2021-12-01 15:12:44,314 p=16674 u=root |  ok: [web02]
2021-12-01 15:12:44,316 p=16674 u=root |  ok: [web01]
2021-12-01 15:12:46,666 p=16674 u=root |  Perform task: TASK: nginx : firewalld停止 (N)o/(y)es/(c)ontinue: ******************************************************************************************************************************************************************
2021-12-01 15:12:46,673 p=16674 u=root |  TASK [nginx : firewalld停止] ******************************************************************************************************************************************************************************************************
2021-12-01 15:12:47,202 p=16674 u=root |  ok: [web01]
2021-12-01 15:12:47,554 p=16674 u=root |  ok: [web02]
2021-12-01 15:12:49,857 p=16674 u=root |  Perform task: TASK: nginx : utilityツールをインストール (N)o/(y)es/(c)ontinue: ************************************************************************************************************************************************************
2021-12-01 15:12:49,864 p=16674 u=root |  TASK [nginx : utilityツールをインストール] ************************************************************************************************************************************************************************************************
2021-12-01 15:12:56,771 p=16674 u=root |  ok: [web01] => (item=[u'yum-utils', u'telnet', u'vim-enhanced', u'bind-utils', u'net-tools', u'nmap', u'psmisc', u'rlwrap', u'traceroute', u'tree', u'wget', u'open-vm-tools'])
2021-12-01 15:13:40,574 p=16674 u=root |  changed: [web02] => (item=[u'yum-utils', u'telnet', u'vim-enhanced', u'bind-utils', u'net-tools', u'nmap', u'psmisc', u'rlwrap', u'traceroute', u'tree', u'wget', u'open-vm-tools'])
2021-12-01 15:13:40,576 p=16674 u=root |  PLAY RECAP **********************************************************************************************************************************************************************************************************************
2021-12-01 15:13:40,576 p=16674 u=root |  web01                      : ok=6    changed=0    unreachable=0    failed=0   
2021-12-01 15:13:40,576 p=16674 u=root |  web02                      : ok=6    changed=2    unreachable=0    failed=0   
2021-12-01 15:38:07,933 p=17681 u=root |  playbook: nginx.yml
2021-12-01 15:38:13,262 p=17709 u=root |  PLAY [nginx_auto_deploy] ********************************************************************************************************************************************************************************************************
2021-12-01 15:38:13,276 p=17709 u=root |  TASK [Gathering Facts] **********************************************************************************************************************************************************************************************************
2021-12-01 15:38:14,283 p=17709 u=root |  ok: [web01]
2021-12-01 15:38:14,540 p=17709 u=root |  ok: [web02]
2021-12-01 15:38:14,547 p=17709 u=root |  TASK [nginx : 作業用ユーザ作成] *********************************************************************************************************************************************************************************************************
2021-12-01 15:38:15,124 p=17709 u=root |  ok: [web01]
2021-12-01 15:38:15,167 p=17709 u=root |  ok: [web02]
2021-12-01 15:38:15,174 p=17709 u=root |  TASK [nginx : 作業ディレクトリ作成] *******************************************************************************************************************************************************************************************************
2021-12-01 15:38:15,669 p=17709 u=root |  ok: [web01]
2021-12-01 15:38:15,675 p=17709 u=root |  ok: [web02]
2021-12-01 15:38:15,682 p=17709 u=root |  TASK [nginx : SELinux無効化] *******************************************************************************************************************************************************************************************************
2021-12-01 15:38:16,171 p=17709 u=root |  ok: [web01]
2021-12-01 15:38:16,177 p=17709 u=root |  ok: [web02]
2021-12-01 15:38:16,185 p=17709 u=root |  TASK [nginx : firewalld停止] ******************************************************************************************************************************************************************************************************
2021-12-01 15:38:16,699 p=17709 u=root |  ok: [web01]
2021-12-01 15:38:16,704 p=17709 u=root |  ok: [web02]
2021-12-01 15:38:16,711 p=17709 u=root |  TASK [nginx : utilityツールをインストール] ************************************************************************************************************************************************************************************************
2021-12-01 15:38:22,161 p=17709 u=root |  ok: [web02] => (item=[u'yum-utils', u'telnet', u'vim-enhanced', u'bind-utils', u'net-tools', u'nmap', u'psmisc', u'rlwrap', u'traceroute', u'tree', u'wget', u'open-vm-tools'])
2021-12-01 15:38:24,524 p=17709 u=root |  ok: [web01] => (item=[u'yum-utils', u'telnet', u'vim-enhanced', u'bind-utils', u'net-tools', u'nmap', u'psmisc', u'rlwrap', u'traceroute', u'tree', u'wget', u'open-vm-tools'])
2021-12-01 15:38:24,532 p=17709 u=root |  TASK [nginx : nginx.repoを転送] ****************************************************************************************************************************************************************************************************
2021-12-01 15:38:25,027 p=17709 u=root |  changed: [web02]
2021-12-01 15:38:25,159 p=17709 u=root |  changed: [web01]
2021-12-01 15:38:25,166 p=17709 u=root |  TASK [nginx : nginxをインストール] *****************************************************************************************************************************************************************************************************
2021-12-01 15:38:28,878 p=17709 u=root |  ok: [web01] => (item=[u'nginx'])
2021-12-01 15:38:28,929 p=17709 u=root |  changed: [web02] => (item=[u'nginx'])
2021-12-01 15:38:28,931 p=17709 u=root |  PLAY RECAP **********************************************************************************************************************************************************************************************************************
2021-12-01 15:38:28,931 p=17709 u=root |  web01                      : ok=8    changed=1    unreachable=0    failed=0   
2021-12-01 15:38:28,931 p=17709 u=root |  web02                      : ok=8    changed=2    unreachable=0    failed=0   
2021-12-01 15:38:49,437 p=18078 u=root |  PLAY [nginx_auto_deploy] ********************************************************************************************************************************************************************************************************
2021-12-01 15:38:51,047 p=18078 u=root |  Perform task: TASK: Gathering Facts (N)o/(y)es/(c)ontinue: **********************************************************************************************************************************************************************
2021-12-01 15:38:51,051 p=18078 u=root |  TASK [Gathering Facts] **********************************************************************************************************************************************************************************************************
2021-12-01 15:38:51,912 p=18078 u=root |  ok: [web01]
2021-12-01 15:38:51,954 p=18078 u=root |  ok: [web02]
2021-12-01 15:38:52,927 p=18078 u=root |  Perform task: TASK: nginx : 作業用ユーザ作成 (N)o/(y)es/(c)ontinue: *********************************************************************************************************************************************************************
2021-12-01 15:38:52,933 p=18078 u=root |  TASK [nginx : 作業用ユーザ作成] *********************************************************************************************************************************************************************************************************
2021-12-01 15:38:53,510 p=18078 u=root |  ok: [web01]
2021-12-01 15:38:53,523 p=18078 u=root |  ok: [web02]
2021-12-01 15:39:06,135 p=18078 u=root |  Perform task: TASK: nginx : 作業ディレクトリ作成 (N)o/(y)es/(c)ontinue: *******************************************************************************************************************************************************************
2021-12-01 15:39:06,142 p=18078 u=root |  TASK [nginx : 作業ディレクトリ作成] *******************************************************************************************************************************************************************************************************
2021-12-01 15:39:06,638 p=18078 u=root |  ok: [web01]
2021-12-01 15:39:06,649 p=18078 u=root |  ok: [web02]
2021-12-01 15:39:08,983 p=18078 u=root |  Perform task: TASK: nginx : SELinux無効化 (N)o/(y)es/(c)ontinue: *******************************************************************************************************************************************************************
2021-12-01 15:39:08,990 p=18078 u=root |  TASK [nginx : SELinux無効化] *******************************************************************************************************************************************************************************************************
2021-12-01 15:39:09,481 p=18078 u=root |  ok: [web01]
2021-12-01 15:39:09,491 p=18078 u=root |  ok: [web02]
2021-12-01 15:39:11,983 p=18078 u=root |  Perform task: TASK: nginx : firewalld停止 (N)o/(y)es/(c)ontinue: ******************************************************************************************************************************************************************
2021-12-01 15:39:11,990 p=18078 u=root |  TASK [nginx : firewalld停止] ******************************************************************************************************************************************************************************************************
2021-12-01 15:39:12,508 p=18078 u=root |  ok: [web01]
2021-12-01 15:39:12,515 p=18078 u=root |  ok: [web02]
2021-12-01 15:39:15,111 p=18078 u=root |  Perform task: TASK: nginx : utilityツールをインストール (N)o/(y)es/(c)ontinue: ************************************************************************************************************************************************************
2021-12-01 15:39:15,118 p=18078 u=root |  TASK [nginx : utilityツールをインストール] ************************************************************************************************************************************************************************************************
2021-12-01 15:39:20,534 p=18078 u=root |  ok: [web02] => (item=[u'yum-utils', u'telnet', u'vim-enhanced', u'bind-utils', u'net-tools', u'nmap', u'psmisc', u'rlwrap', u'traceroute', u'tree', u'wget', u'open-vm-tools'])
2021-12-01 15:39:21,948 p=18078 u=root |  ok: [web01] => (item=[u'yum-utils', u'telnet', u'vim-enhanced', u'bind-utils', u'net-tools', u'nmap', u'psmisc', u'rlwrap', u'traceroute', u'tree', u'wget', u'open-vm-tools'])
2021-12-01 15:39:30,055 p=18078 u=root |  Perform task: TASK: nginx : nginx.repoを転送 (N)o/(y)es/(c)ontinue: ****************************************************************************************************************************************************************
2021-12-01 15:39:30,062 p=18078 u=root |  TASK [nginx : nginx.repoを転送] ****************************************************************************************************************************************************************************************************
2021-12-01 15:39:31,017 p=18078 u=root |  changed: [web01]
2021-12-01 15:39:31,024 p=18078 u=root |  changed: [web02]
2021-12-01 15:39:39,399 p=18078 u=root |  Perform task: TASK: nginx : nginxをインストール (N)o/(y)es/(c)ontinue: *****************************************************************************************************************************************************************
2021-12-01 15:39:39,406 p=18078 u=root |  TASK [nginx : nginxをインストール] *****************************************************************************************************************************************************************************************************
2021-12-01 15:39:43,566 p=18078 u=root |  ok: [web01] => (item=[u'nginx'])
2021-12-01 15:39:50,025 p=18078 u=root |  changed: [web02] => (item=[u'nginx'])
2021-12-01 15:39:50,027 p=18078 u=root |  PLAY RECAP **********************************************************************************************************************************************************************************************************************
2021-12-01 15:39:50,027 p=18078 u=root |  web01                      : ok=8    changed=1    unreachable=0    failed=0   
2021-12-01 15:39:50,027 p=18078 u=root |  web02                      : ok=8    changed=2    unreachable=0    failed=0   
2021-12-01 15:41:03,485 p=18823 u=root |  playbook: nginx.yml
2021-12-01 15:41:07,430 p=18855 u=root |  PLAY [nginx_auto_deploy] ********************************************************************************************************************************************************************************************************
2021-12-01 15:41:07,443 p=18855 u=root |  TASK [Gathering Facts] **********************************************************************************************************************************************************************************************************
2021-12-01 15:41:08,463 p=18855 u=root |  ok: [web01]
2021-12-01 15:41:08,482 p=18855 u=root |  ok: [web02]
2021-12-01 15:41:08,489 p=18855 u=root |  TASK [nginx : 作業用ユーザ作成] *********************************************************************************************************************************************************************************************************
2021-12-01 15:41:09,076 p=18855 u=root |  ok: [web01]
2021-12-01 15:41:09,085 p=18855 u=root |  ok: [web02]
2021-12-01 15:41:09,093 p=18855 u=root |  TASK [nginx : 作業ディレクトリ作成] *******************************************************************************************************************************************************************************************************
2021-12-01 15:41:09,590 p=18855 u=root |  ok: [web01]
2021-12-01 15:41:09,600 p=18855 u=root |  ok: [web02]
2021-12-01 15:41:09,607 p=18855 u=root |  TASK [nginx : SELinux無効化] *******************************************************************************************************************************************************************************************************
2021-12-01 15:41:10,108 p=18855 u=root |  ok: [web01]
2021-12-01 15:41:10,119 p=18855 u=root |  ok: [web02]
2021-12-01 15:41:10,126 p=18855 u=root |  TASK [nginx : firewalld停止] ******************************************************************************************************************************************************************************************************
2021-12-01 15:41:10,644 p=18855 u=root |  ok: [web01]
2021-12-01 15:41:10,651 p=18855 u=root |  ok: [web02]
2021-12-01 15:41:10,658 p=18855 u=root |  TASK [nginx : utilityツールをインストール] ************************************************************************************************************************************************************************************************
2021-12-01 15:41:16,200 p=18855 u=root |  ok: [web02] => (item=[u'yum-utils', u'telnet', u'vim-enhanced', u'bind-utils', u'net-tools', u'nmap', u'psmisc', u'rlwrap', u'traceroute', u'tree', u'wget', u'open-vm-tools'])
2021-12-01 15:41:17,411 p=18855 u=root |  ok: [web01] => (item=[u'yum-utils', u'telnet', u'vim-enhanced', u'bind-utils', u'net-tools', u'nmap', u'psmisc', u'rlwrap', u'traceroute', u'tree', u'wget', u'open-vm-tools'])
2021-12-01 15:41:17,419 p=18855 u=root |  TASK [nginx : nginx.repoを転送] ****************************************************************************************************************************************************************************************************
2021-12-01 15:41:18,168 p=18855 u=root |  ok: [web01]
2021-12-01 15:41:18,384 p=18855 u=root |  ok: [web02]
2021-12-01 15:41:18,391 p=18855 u=root |  TASK [nginx : nginxをインストール] *****************************************************************************************************************************************************************************************************
2021-12-01 15:41:21,867 p=18855 u=root |  ok: [web02] => (item=[u'nginx'])
2021-12-01 15:41:22,011 p=18855 u=root |  ok: [web01] => (item=[u'nginx'])
2021-12-01 15:41:22,013 p=18855 u=root |  PLAY RECAP **********************************************************************************************************************************************************************************************************************
2021-12-01 15:41:22,013 p=18855 u=root |  web01                      : ok=8    changed=0    unreachable=0    failed=0   
2021-12-01 15:41:22,013 p=18855 u=root |  web02                      : ok=8    changed=0    unreachable=0    failed=0   
2021-12-01 16:15:41,397 p=19624 u=root |  ERROR! conflicting action statements: debug, shell

The error appears to have been in '/root/nginx_auto_deploy/roles/nginx/tasks/setup_nginx.yml': line 14, column 3, but may
be elsewhere in the file depending on the exact syntax problem.

The offending line appears to be:


- nmae: nginx-mainline リポジトリを有効化
  ^ here


The error appears to have been in '/root/nginx_auto_deploy/roles/nginx/tasks/setup_nginx.yml': line 14, column 3, but may
be elsewhere in the file depending on the exact syntax problem.

The offending line appears to be:


- nmae: nginx-mainline リポジトリを有効化
  ^ here

exception type: <class 'ansible.errors.AnsibleParserError'>
exception: conflicting action statements: debug, shell

The error appears to have been in '/root/nginx_auto_deploy/roles/nginx/tasks/setup_nginx.yml': line 14, column 3, but may
be elsewhere in the file depending on the exact syntax problem.

The offending line appears to be:


- nmae: nginx-mainline リポジトリを有効化
  ^ here

2021-12-01 16:16:30,073 p=19660 u=root |  ERROR! conflicting action statements: debug, shell

The error appears to have been in '/root/nginx_auto_deploy/roles/nginx/tasks/setup_nginx.yml': line 14, column 3, but may
be elsewhere in the file depending on the exact syntax problem.

The offending line appears to be:


- nmae: nginx-mainline リポジトリを有効化
  ^ here


The error appears to have been in '/root/nginx_auto_deploy/roles/nginx/tasks/setup_nginx.yml': line 14, column 3, but may
be elsewhere in the file depending on the exact syntax problem.

The offending line appears to be:


- nmae: nginx-mainline リポジトリを有効化
  ^ here

exception type: <class 'ansible.errors.AnsibleParserError'>
exception: conflicting action statements: debug, shell

The error appears to have been in '/root/nginx_auto_deploy/roles/nginx/tasks/setup_nginx.yml': line 14, column 3, but may
be elsewhere in the file depending on the exact syntax problem.

The offending line appears to be:


- nmae: nginx-mainline リポジトリを有効化
  ^ here

2021-12-01 16:16:33,498 p=19685 u=root |  ERROR! conflicting action statements: debug, shell

The error appears to have been in '/root/nginx_auto_deploy/roles/nginx/tasks/setup_nginx.yml': line 14, column 3, but may
be elsewhere in the file depending on the exact syntax problem.

The offending line appears to be:


- nmae: nginx-mainline リポジトリを有効化
  ^ here


The error appears to have been in '/root/nginx_auto_deploy/roles/nginx/tasks/setup_nginx.yml': line 14, column 3, but may
be elsewhere in the file depending on the exact syntax problem.

The offending line appears to be:


- nmae: nginx-mainline リポジトリを有効化
  ^ here

exception type: <class 'ansible.errors.AnsibleParserError'>
exception: conflicting action statements: debug, shell

The error appears to have been in '/root/nginx_auto_deploy/roles/nginx/tasks/setup_nginx.yml': line 14, column 3, but may
be elsewhere in the file depending on the exact syntax problem.

The offending line appears to be:


- nmae: nginx-mainline リポジトリを有効化
  ^ here

2021-12-01 16:16:48,571 p=19727 u=root |  ERROR! conflicting action statements: debug, shell

The error appears to have been in '/root/nginx_auto_deploy/roles/nginx/tasks/setup_nginx.yml': line 14, column 3, but may
be elsewhere in the file depending on the exact syntax problem.

The offending line appears to be:


- name: nginx-mainline リポジトリを有効化
  ^ here


The error appears to have been in '/root/nginx_auto_deploy/roles/nginx/tasks/setup_nginx.yml': line 14, column 3, but may
be elsewhere in the file depending on the exact syntax problem.

The offending line appears to be:


- name: nginx-mainline リポジトリを有効化
  ^ here

exception type: <class 'ansible.errors.AnsibleParserError'>
exception: conflicting action statements: debug, shell

The error appears to have been in '/root/nginx_auto_deploy/roles/nginx/tasks/setup_nginx.yml': line 14, column 3, but may
be elsewhere in the file depending on the exact syntax problem.

The offending line appears to be:


- name: nginx-mainline リポジトリを有効化
  ^ here

2021-12-01 16:17:16,657 p=19769 u=root |  ERROR! conflicting action statements: debug, shell

The error appears to have been in '/root/nginx_auto_deploy/roles/nginx/tasks/setup_nginx.yml': line 14, column 3, but may
be elsewhere in the file depending on the exact syntax problem.

The offending line appears to be:


- name: nginx-mainline リポジトリを有効化
  ^ here


The error appears to have been in '/root/nginx_auto_deploy/roles/nginx/tasks/setup_nginx.yml': line 14, column 3, but may
be elsewhere in the file depending on the exact syntax problem.

The offending line appears to be:


- name: nginx-mainline リポジトリを有効化
  ^ here

exception type: <class 'ansible.errors.AnsibleParserError'>
exception: conflicting action statements: debug, shell

The error appears to have been in '/root/nginx_auto_deploy/roles/nginx/tasks/setup_nginx.yml': line 14, column 3, but may
be elsewhere in the file depending on the exact syntax problem.

The offending line appears to be:


- name: nginx-mainline リポジトリを有効化
  ^ here

2021-12-01 16:17:36,095 p=19816 u=root |  ERROR! conflicting action statements: debug, shell

The error appears to have been in '/root/nginx_auto_deploy/roles/nginx/tasks/setup_nginx.yml': line 14, column 3, but may
be elsewhere in the file depending on the exact syntax problem.

The offending line appears to be:


- name: nginx-mainline リポジトリを有効化
  ^ here


The error appears to have been in '/root/nginx_auto_deploy/roles/nginx/tasks/setup_nginx.yml': line 14, column 3, but may
be elsewhere in the file depending on the exact syntax problem.

The offending line appears to be:


- name: nginx-mainline リポジトリを有効化
  ^ here

exception type: <class 'ansible.errors.AnsibleParserError'>
exception: conflicting action statements: debug, shell

The error appears to have been in '/root/nginx_auto_deploy/roles/nginx/tasks/setup_nginx.yml': line 14, column 3, but may
be elsewhere in the file depending on the exact syntax problem.

The offending line appears to be:


- name: nginx-mainline リポジトリを有効化
  ^ here

2021-12-01 16:18:20,787 p=19853 u=root |  ERROR! conflicting action statements: debug, shell

The error appears to have been in '/root/nginx_auto_deploy/roles/nginx/tasks/setup_nginx.yml': line 14, column 3, but may
be elsewhere in the file depending on the exact syntax problem.

The offending line appears to be:


- name: nginx-mainline リポジトリを有効化
  ^ here


The error appears to have been in '/root/nginx_auto_deploy/roles/nginx/tasks/setup_nginx.yml': line 14, column 3, but may
be elsewhere in the file depending on the exact syntax problem.

The offending line appears to be:


- name: nginx-mainline リポジトリを有効化
  ^ here

exception type: <class 'ansible.errors.AnsibleParserError'>
exception: conflicting action statements: debug, shell

The error appears to have been in '/root/nginx_auto_deploy/roles/nginx/tasks/setup_nginx.yml': line 14, column 3, but may
be elsewhere in the file depending on the exact syntax problem.

The offending line appears to be:


- name: nginx-mainline リポジトリを有効化
  ^ here

2021-12-01 16:18:24,723 p=19878 u=root |  ERROR! Syntax Error while loading YAML.


The error appears to have been in '/root/nginx_auto_deploy/roles/nginx/tasks/setup_nginx.yml': line 15, column 10, but may
be elsewhere in the file depending on the exact syntax problem.

The offending line appears to be:

- name: nginx-mainline リポジトリを有効化
    shell: yum-config-manager --enable nginx-mainline
         ^ here

exception type: <class 'yaml.scanner.ScannerError'>
exception: mapping values are not allowed in this context
  in "<unicode string>", line 15, column 10
2021-12-01 16:18:28,535 p=19903 u=root |  ERROR! Syntax Error while loading YAML.


The error appears to have been in '/root/nginx_auto_deploy/roles/nginx/tasks/setup_nginx.yml': line 15, column 10, but may
be elsewhere in the file depending on the exact syntax problem.

The offending line appears to be:

- name: nginx-mainline リポジトリを有効化
    shell: yum-config-manager --enable nginx-mainline
         ^ here

exception type: <class 'yaml.scanner.ScannerError'>
exception: mapping values are not allowed in this context
  in "<unicode string>", line 15, column 10
2021-12-01 16:18:45,797 p=19944 u=root |  ERROR! conflicting action statements: shell, debug

The error appears to have been in '/root/nginx_auto_deploy/roles/nginx/tasks/setup_nginx.yml': line 14, column 3, but may
be elsewhere in the file depending on the exact syntax problem.

The offending line appears to be:


- name: nginx-mainline リポジトリを有効化
  ^ here


The error appears to have been in '/root/nginx_auto_deploy/roles/nginx/tasks/setup_nginx.yml': line 14, column 3, but may
be elsewhere in the file depending on the exact syntax problem.

The offending line appears to be:


- name: nginx-mainline リポジトリを有効化
  ^ here

exception type: <class 'ansible.errors.AnsibleParserError'>
exception: conflicting action statements: shell, debug

The error appears to have been in '/root/nginx_auto_deploy/roles/nginx/tasks/setup_nginx.yml': line 14, column 3, but may
be elsewhere in the file depending on the exact syntax problem.

The offending line appears to be:


- name: nginx-mainline リポジトリを有効化
  ^ here

2021-12-01 16:19:02,701 p=19993 u=root |  ERROR! conflicting action statements: debug, shell

The error appears to have been in '/root/nginx_auto_deploy/roles/nginx/tasks/setup_nginx.yml': line 14, column 3, but may
be elsewhere in the file depending on the exact syntax problem.

The offending line appears to be:


- name: nginx-mainline リポジトリを有効化
  ^ here


The error appears to have been in '/root/nginx_auto_deploy/roles/nginx/tasks/setup_nginx.yml': line 14, column 3, but may
be elsewhere in the file depending on the exact syntax problem.

The offending line appears to be:


- name: nginx-mainline リポジトリを有効化
  ^ here

exception type: <class 'ansible.errors.AnsibleParserError'>
exception: conflicting action statements: debug, shell

The error appears to have been in '/root/nginx_auto_deploy/roles/nginx/tasks/setup_nginx.yml': line 14, column 3, but may
be elsewhere in the file depending on the exact syntax problem.

The offending line appears to be:


- name: nginx-mainline リポジトリを有効化
  ^ here

2021-12-01 16:19:50,552 p=20036 u=root |  playbook: nginx.yml
2021-12-01 16:23:44,093 p=20126 u=root |  ERROR! conflicting action statements: shell, debug

The error appears to have been in '/root/nginx_auto_deploy/roles/nginx/tasks/setup_nginx.yml': line 14, column 3, but may
be elsewhere in the file depending on the exact syntax problem.

The offending line appears to be:


- name: nginx-mainline リポジトリを有効化
  ^ here


The error appears to have been in '/root/nginx_auto_deploy/roles/nginx/tasks/setup_nginx.yml': line 14, column 3, but may
be elsewhere in the file depending on the exact syntax problem.

The offending line appears to be:


- name: nginx-mainline リポジトリを有効化
  ^ here

exception type: <class 'ansible.errors.AnsibleParserError'>
exception: conflicting action statements: shell, debug

The error appears to have been in '/root/nginx_auto_deploy/roles/nginx/tasks/setup_nginx.yml': line 14, column 3, but may
be elsewhere in the file depending on the exact syntax problem.

The offending line appears to be:


- name: nginx-mainline リポジトリを有効化
  ^ here

2021-12-01 16:24:13,945 p=20168 u=root |  playbook: nginx.yml
2021-12-01 16:24:59,874 p=20210 u=root |  playbook: nginx.yml
2021-12-01 16:33:27,440 p=20318 u=root |  playbook: nginx.yml
2021-12-01 16:33:35,500 p=20344 u=root |  PLAY [nginx_auto_deploy] ********************************************************************************************************************************************************************************************************
2021-12-01 16:33:35,515 p=20344 u=root |  TASK [Gathering Facts] **********************************************************************************************************************************************************************************************************
2021-12-01 16:33:36,533 p=20344 u=root |  ok: [web01]
2021-12-01 16:33:36,555 p=20344 u=root |  ok: [web02]
2021-12-01 16:33:36,562 p=20344 u=root |  TASK [nginx : 作業用ユーザ作成] *********************************************************************************************************************************************************************************************************
2021-12-01 16:33:37,143 p=20344 u=root |  ok: [web01]
2021-12-01 16:33:37,155 p=20344 u=root |  ok: [web02]
2021-12-01 16:33:37,163 p=20344 u=root |  TASK [nginx : 作業ディレクトリ作成] *******************************************************************************************************************************************************************************************************
2021-12-01 16:33:37,666 p=20344 u=root |  ok: [web01]
2021-12-01 16:33:37,682 p=20344 u=root |  ok: [web02]
2021-12-01 16:33:37,689 p=20344 u=root |  TASK [nginx : SELinux無効化] *******************************************************************************************************************************************************************************************************
2021-12-01 16:33:38,187 p=20344 u=root |  ok: [web01]
2021-12-01 16:33:38,201 p=20344 u=root |  ok: [web02]
2021-12-01 16:33:38,208 p=20344 u=root |  TASK [nginx : firewalld停止] ******************************************************************************************************************************************************************************************************
2021-12-01 16:33:38,725 p=20344 u=root |  ok: [web01]
2021-12-01 16:33:38,739 p=20344 u=root |  ok: [web02]
2021-12-01 16:33:38,746 p=20344 u=root |  TASK [nginx : utilityツールをインストール] ************************************************************************************************************************************************************************************************
2021-12-01 16:33:44,376 p=20344 u=root |  ok: [web02] => (item=[u'yum-utils', u'telnet', u'vim-enhanced', u'bind-utils', u'net-tools', u'nmap', u'psmisc', u'rlwrap', u'traceroute', u'tree', u'wget', u'open-vm-tools'])
2021-12-01 16:33:46,430 p=20344 u=root |  ok: [web01] => (item=[u'yum-utils', u'telnet', u'vim-enhanced', u'bind-utils', u'net-tools', u'nmap', u'psmisc', u'rlwrap', u'traceroute', u'tree', u'wget', u'open-vm-tools'])
2021-12-01 16:33:46,438 p=20344 u=root |  TASK [nginx : nginx.repoを転送] ****************************************************************************************************************************************************************************************************
2021-12-01 16:33:47,199 p=20344 u=root |  ok: [web01]
2021-12-01 16:33:47,215 p=20344 u=root |  ok: [web02]
2021-12-01 16:33:47,223 p=20344 u=root |  TASK [nginx : nginx-mainline リポジトリを有効化] *****************************************************************************************************************************************************************************************
2021-12-01 16:33:47,793 p=20344 u=root |  skipping: [web01]
2021-12-01 16:33:47,798 p=20344 u=root |  skipping: [web02]
2021-12-01 16:33:47,805 p=20344 u=root |  TASK [nginx : config-manager コマンド実行結果] ******************************************************************************************************************************************************************************************
2021-12-01 16:33:47,869 p=20344 u=root |  ok: [web01] => {
    "msg": {
        "changed": false, 
        "failed": false, 
        "msg": "remote module (command) does not support check mode", 
        "skipped": true
    }
}
2021-12-01 16:33:47,877 p=20344 u=root |  ok: [web02] => {
    "msg": {
        "changed": false, 
        "failed": false, 
        "msg": "remote module (command) does not support check mode", 
        "skipped": true
    }
}
2021-12-01 16:33:47,884 p=20344 u=root |  TASK [nginx : nginxをインストール] *****************************************************************************************************************************************************************************************************
2021-12-01 16:33:51,412 p=20344 u=root |  ok: [web02] => (item=[u'nginx'])
2021-12-01 16:33:51,505 p=20344 u=root |  ok: [web01] => (item=[u'nginx'])
2021-12-01 16:33:51,507 p=20344 u=root |  PLAY RECAP **********************************************************************************************************************************************************************************************************************
2021-12-01 16:33:51,507 p=20344 u=root |  web01                      : ok=9    changed=0    unreachable=0    failed=0   
2021-12-01 16:33:51,507 p=20344 u=root |  web02                      : ok=9    changed=0    unreachable=0    failed=0   
2021-12-01 16:34:00,919 p=20776 u=root |  PLAY [nginx_auto_deploy] ********************************************************************************************************************************************************************************************************
2021-12-01 16:34:03,267 p=20776 u=root |  Perform task: TASK: Gathering Facts (N)o/(y)es/(c)ontinue: **********************************************************************************************************************************************************************
2021-12-01 16:34:03,272 p=20776 u=root |  TASK [Gathering Facts] **********************************************************************************************************************************************************************************************************
2021-12-01 16:34:04,162 p=20776 u=root |  ok: [web01]
2021-12-01 16:34:04,194 p=20776 u=root |  ok: [web02]
2021-12-01 16:34:31,515 p=20776 u=root |  Perform task: TASK: nginx : 作業用ユーザ作成 (N)o/(y)es/(c)ontinue: *********************************************************************************************************************************************************************
2021-12-01 16:34:31,522 p=20776 u=root |  TASK [nginx : 作業用ユーザ作成] *********************************************************************************************************************************************************************************************************
2021-12-01 16:34:32,106 p=20776 u=root |  ok: [web01]
2021-12-01 16:34:32,121 p=20776 u=root |  ok: [web02]
2021-12-01 16:34:34,004 p=20776 u=root |  Perform task: TASK: nginx : 作業ディレクトリ作成 (N)o/(y)es/(c)ontinue: *******************************************************************************************************************************************************************
2021-12-01 16:34:34,011 p=20776 u=root |  TASK [nginx : 作業ディレクトリ作成] *******************************************************************************************************************************************************************************************************
2021-12-01 16:34:34,510 p=20776 u=root |  ok: [web01]
2021-12-01 16:34:34,527 p=20776 u=root |  ok: [web02]
2021-12-01 16:34:36,259 p=20776 u=root |  Perform task: TASK: nginx : SELinux無効化 (N)o/(y)es/(c)ontinue: *******************************************************************************************************************************************************************
2021-12-01 16:34:36,265 p=20776 u=root |  TASK [nginx : SELinux無効化] *******************************************************************************************************************************************************************************************************
2021-12-01 16:34:36,759 p=20776 u=root |  ok: [web01]
2021-12-01 16:34:36,775 p=20776 u=root |  ok: [web02]
2021-12-01 16:34:38,563 p=20776 u=root |  Perform task: TASK: nginx : firewalld停止 (N)o/(y)es/(c)ontinue: ******************************************************************************************************************************************************************
2021-12-01 16:34:38,570 p=20776 u=root |  TASK [nginx : firewalld停止] ******************************************************************************************************************************************************************************************************
2021-12-01 16:34:39,089 p=20776 u=root |  ok: [web01]
2021-12-01 16:34:39,103 p=20776 u=root |  ok: [web02]
2021-12-01 16:34:40,915 p=20776 u=root |  Perform task: TASK: nginx : utilityツールをインストール (N)o/(y)es/(c)ontinue: ************************************************************************************************************************************************************
2021-12-01 16:34:40,922 p=20776 u=root |  TASK [nginx : utilityツールをインストール] ************************************************************************************************************************************************************************************************
2021-12-01 16:34:46,447 p=20776 u=root |  ok: [web02] => (item=[u'yum-utils', u'telnet', u'vim-enhanced', u'bind-utils', u'net-tools', u'nmap', u'psmisc', u'rlwrap', u'traceroute', u'tree', u'wget', u'open-vm-tools'])
2021-12-01 16:34:47,649 p=20776 u=root |  ok: [web01] => (item=[u'yum-utils', u'telnet', u'vim-enhanced', u'bind-utils', u'net-tools', u'nmap', u'psmisc', u'rlwrap', u'traceroute', u'tree', u'wget', u'open-vm-tools'])
2021-12-01 16:34:49,907 p=20776 u=root |  Perform task: TASK: nginx : nginx.repoを転送 (N)o/(y)es/(c)ontinue: ****************************************************************************************************************************************************************
2021-12-01 16:34:49,914 p=20776 u=root |  TASK [nginx : nginx.repoを転送] ****************************************************************************************************************************************************************************************************
2021-12-01 16:34:50,664 p=20776 u=root |  ok: [web01]
2021-12-01 16:34:50,686 p=20776 u=root |  ok: [web02]
2021-12-01 16:34:57,908 p=20776 u=root |  Perform task: TASK: nginx : nginx-mainline リポジトリを有効化 (N)o/(y)es/(c)ontinue: *****************************************************************************************************************************************************
2021-12-01 16:34:57,914 p=20776 u=root |  TASK [nginx : nginx-mainline リポジトリを有効化] *****************************************************************************************************************************************************************************************
2021-12-01 16:34:58,622 p=20776 u=root |  fatal: [web01]: FAILED! => {"changed": true, "cmd": "yum-config-manager --enable nginx-mainline", "delta": "0:00:00.157061", "end": "2021-12-01 16:34:58.557217", "failed": true, "failed_when_result": true, "msg": "non-zero return code", "rc": 50, "start": "2021-12-01 16:34:58.400156", "stderr": "", "stderr_lines": [], "stdout": "読み込んだプラグイン:fastestmirror\nYou must be root to change the yum configuration.", "stdout_lines": ["読み込んだプラグイン:fastestmirror", "You must be root to change the yum configuration."]}
2021-12-01 16:34:58,652 p=20776 u=root |  fatal: [web02]: FAILED! => {"changed": true, "cmd": "yum-config-manager --enable nginx-mainline", "delta": "0:00:00.162718", "end": "2021-12-01 16:34:58.585405", "failed": true, "failed_when_result": true, "msg": "non-zero return code", "rc": 50, "start": "2021-12-01 16:34:58.422687", "stderr": "", "stderr_lines": [], "stdout": "読み込んだプラグイン:fastestmirror\nYou must be root to change the yum configuration.", "stdout_lines": ["読み込んだプラグイン:fastestmirror", "You must be root to change the yum configuration."]}
2021-12-01 16:34:58,654 p=20776 u=root |  PLAY RECAP **********************************************************************************************************************************************************************************************************************
2021-12-01 16:34:58,654 p=20776 u=root |  web01                      : ok=7    changed=0    unreachable=0    failed=1   
2021-12-01 16:34:58,654 p=20776 u=root |  web02                      : ok=7    changed=0    unreachable=0    failed=1   
2021-12-01 16:35:50,654 p=21351 u=root |  PLAY [nginx_auto_deploy] ********************************************************************************************************************************************************************************************************
2021-12-01 16:35:52,087 p=21351 u=root |  Perform task: TASK: Gathering Facts (N)o/(y)es/(c)ontinue: **********************************************************************************************************************************************************************
2021-12-01 16:35:52,092 p=21351 u=root |  TASK [Gathering Facts] **********************************************************************************************************************************************************************************************************
2021-12-01 16:35:52,960 p=21351 u=root |  ok: [web01]
2021-12-01 16:35:52,994 p=21351 u=root |  ok: [web02]
2021-12-01 16:35:53,731 p=21351 u=root |  Perform task: TASK: nginx : 作業用ユーザ作成 (N)o/(y)es/(c)ontinue: *********************************************************************************************************************************************************************
2021-12-01 16:35:53,738 p=21351 u=root |  TASK [nginx : 作業用ユーザ作成] *********************************************************************************************************************************************************************************************************
2021-12-01 16:35:54,315 p=21351 u=root |  ok: [web01]
2021-12-01 16:35:54,335 p=21351 u=root |  ok: [web02]
2021-12-01 16:35:55,115 p=21351 u=root |  Perform task: TASK: nginx : 作業ディレクトリ作成 (N)o/(y)es/(c)ontinue: *******************************************************************************************************************************************************************
2021-12-01 16:35:55,122 p=21351 u=root |  TASK [nginx : 作業ディレクトリ作成] *******************************************************************************************************************************************************************************************************
2021-12-01 16:35:55,638 p=21351 u=root |  ok: [web02]
2021-12-01 16:35:55,641 p=21351 u=root |  ok: [web01]
2021-12-01 16:35:56,299 p=21351 u=root |  Perform task: TASK: nginx : SELinux無効化 (N)o/(y)es/(c)ontinue: *******************************************************************************************************************************************************************
2021-12-01 16:35:56,306 p=21351 u=root |  TASK [nginx : SELinux無効化] *******************************************************************************************************************************************************************************************************
2021-12-01 16:35:56,800 p=21351 u=root |  ok: [web01]
2021-12-01 16:35:56,814 p=21351 u=root |  ok: [web02]
2021-12-01 16:35:57,564 p=21351 u=root |  Perform task: TASK: nginx : firewalld停止 (N)o/(y)es/(c)ontinue: ******************************************************************************************************************************************************************
2021-12-01 16:35:57,571 p=21351 u=root |  TASK [nginx : firewalld停止] ******************************************************************************************************************************************************************************************************
2021-12-01 16:35:58,093 p=21351 u=root |  ok: [web01]
2021-12-01 16:35:58,104 p=21351 u=root |  ok: [web02]
2021-12-01 16:35:59,451 p=21351 u=root |  Perform task: TASK: nginx : utilityツールをインストール (N)o/(y)es/(c)ontinue: ************************************************************************************************************************************************************
2021-12-01 16:35:59,458 p=21351 u=root |  TASK [nginx : utilityツールをインストール] ************************************************************************************************************************************************************************************************
2021-12-01 16:36:04,993 p=21351 u=root |  ok: [web02] => (item=[u'yum-utils', u'telnet', u'vim-enhanced', u'bind-utils', u'net-tools', u'nmap', u'psmisc', u'rlwrap', u'traceroute', u'tree', u'wget', u'open-vm-tools'])
2021-12-01 16:36:07,405 p=21351 u=root |  ok: [web01] => (item=[u'yum-utils', u'telnet', u'vim-enhanced', u'bind-utils', u'net-tools', u'nmap', u'psmisc', u'rlwrap', u'traceroute', u'tree', u'wget', u'open-vm-tools'])
2021-12-01 16:36:09,051 p=21351 u=root |  Perform task: TASK: nginx : nginx.repoを転送 (N)o/(y)es/(c)ontinue: ****************************************************************************************************************************************************************
2021-12-01 16:36:09,058 p=21351 u=root |  TASK [nginx : nginx.repoを転送] ****************************************************************************************************************************************************************************************************
2021-12-01 16:36:09,826 p=21351 u=root |  ok: [web01]
2021-12-01 16:36:09,840 p=21351 u=root |  ok: [web02]
2021-12-01 16:36:12,076 p=21351 u=root |  Perform task: TASK: nginx : nginx-mainline リポジトリを有効化 (N)o/(y)es/(c)ontinue: *****************************************************************************************************************************************************
2021-12-01 16:36:12,083 p=21351 u=root |  TASK [nginx : nginx-mainline リポジトリを有効化] *****************************************************************************************************************************************************************************************
2021-12-01 16:37:02,582 p=21351 u=root |   [ERROR]: User interrupted execution

2021-12-01 16:37:42,552 p=21907 u=root |  PLAY [nginx_auto_deploy] ********************************************************************************************************************************************************************************************************
2021-12-01 16:37:44,139 p=21907 u=root |  Perform task: TASK: Gathering Facts (N)o/(y)es/(c)ontinue: **********************************************************************************************************************************************************************
2021-12-01 16:37:44,144 p=21907 u=root |  TASK [Gathering Facts] **********************************************************************************************************************************************************************************************************
2021-12-01 16:37:45,015 p=21907 u=root |  ok: [web01]
2021-12-01 16:37:45,056 p=21907 u=root |  ok: [web02]
2021-12-01 16:37:46,155 p=21907 u=root |  Perform task: TASK: nginx : 作業用ユーザ作成 (N)o/(y)es/(c)ontinue: *********************************************************************************************************************************************************************
2021-12-01 16:37:46,162 p=21907 u=root |  TASK [nginx : 作業用ユーザ作成] *********************************************************************************************************************************************************************************************************
2021-12-01 16:37:46,745 p=21907 u=root |  ok: [web01]
2021-12-01 16:37:46,764 p=21907 u=root |  ok: [web02]
2021-12-01 16:37:47,524 p=21907 u=root |  Perform task: TASK: nginx : 作業ディレクトリ作成 (N)o/(y)es/(c)ontinue: *******************************************************************************************************************************************************************
2021-12-01 16:37:47,531 p=21907 u=root |  TASK [nginx : 作業ディレクトリ作成] *******************************************************************************************************************************************************************************************************
2021-12-01 16:37:48,030 p=21907 u=root |  ok: [web01]
2021-12-01 16:37:48,049 p=21907 u=root |  ok: [web02]
2021-12-01 16:37:48,813 p=21907 u=root |  Perform task: TASK: nginx : SELinux無効化 (N)o/(y)es/(c)ontinue: *******************************************************************************************************************************************************************
2021-12-01 16:37:48,819 p=21907 u=root |  TASK [nginx : SELinux無効化] *******************************************************************************************************************************************************************************************************
2021-12-01 16:37:49,314 p=21907 u=root |  ok: [web01]
2021-12-01 16:37:49,333 p=21907 u=root |  ok: [web02]
2021-12-01 16:37:50,084 p=21907 u=root |  Perform task: TASK: nginx : firewalld停止 (N)o/(y)es/(c)ontinue: ******************************************************************************************************************************************************************
2021-12-01 16:37:50,090 p=21907 u=root |  TASK [nginx : firewalld停止] ******************************************************************************************************************************************************************************************************
2021-12-01 16:37:50,610 p=21907 u=root |  ok: [web01]
2021-12-01 16:37:50,626 p=21907 u=root |  ok: [web02]
2021-12-01 16:37:51,475 p=21907 u=root |  Perform task: TASK: nginx : utilityツールをインストール (N)o/(y)es/(c)ontinue: ************************************************************************************************************************************************************
2021-12-01 16:37:51,481 p=21907 u=root |  TASK [nginx : utilityツールをインストール] ************************************************************************************************************************************************************************************************
2021-12-01 16:37:57,021 p=21907 u=root |  ok: [web02] => (item=[u'yum-utils', u'telnet', u'vim-enhanced', u'bind-utils', u'net-tools', u'nmap', u'psmisc', u'rlwrap', u'traceroute', u'tree', u'wget', u'open-vm-tools'])
2021-12-01 16:37:58,425 p=21907 u=root |  ok: [web01] => (item=[u'yum-utils', u'telnet', u'vim-enhanced', u'bind-utils', u'net-tools', u'nmap', u'psmisc', u'rlwrap', u'traceroute', u'tree', u'wget', u'open-vm-tools'])
2021-12-01 16:38:00,708 p=21907 u=root |  Perform task: TASK: nginx : nginx.repoを転送 (N)o/(y)es/(c)ontinue: ****************************************************************************************************************************************************************
2021-12-01 16:38:00,715 p=21907 u=root |  TASK [nginx : nginx.repoを転送] ****************************************************************************************************************************************************************************************************
2021-12-01 16:38:01,670 p=21907 u=root |  changed: [web01]
2021-12-01 16:38:01,678 p=21907 u=root |  changed: [web02]
2021-12-01 16:38:11,956 p=21907 u=root |  Perform task: TASK: nginx : nginxをインストール (N)o/(y)es/(c)ontinue: *****************************************************************************************************************************************************************
2021-12-01 16:38:11,963 p=21907 u=root |  TASK [nginx : nginxをインストール] *****************************************************************************************************************************************************************************************************
2021-12-01 16:38:16,391 p=21907 u=root |  ok: [web01] => (item=[u'nginx'])
2021-12-01 16:38:18,191 p=21907 u=root |  ok: [web02] => (item=[u'nginx'])
2021-12-01 16:38:18,193 p=21907 u=root |  PLAY RECAP **********************************************************************************************************************************************************************************************************************
2021-12-01 16:38:18,193 p=21907 u=root |  web01                      : ok=8    changed=1    unreachable=0    failed=0   
2021-12-01 16:38:18,193 p=21907 u=root |  web02                      : ok=8    changed=1    unreachable=0    failed=0   
